<?xml version="1.0" encoding="UTF-8"?>
<testng-results ignored="0" total="4" passed="3" failed="1" skipped="0">
  <reporter-output>
  </reporter-output>
  <suite started-at="2024-02-14T04:09:53 IST" name="Suite" finished-at="2024-02-14T04:10:15 IST" duration-ms="21765">
    <groups>
    </groups>
    <test started-at="2024-02-14T04:09:53 IST" name="validTest" finished-at="2024-02-14T04:10:08 IST" duration-ms="15168">
      <class name="test.ValidUrl">
        <test-method is-config="true" signature="propertiesLoad()[pri:0, instance:test.ValidUrl@312aa7c]" started-at="2024-02-14T04:09:53 IST" name="propertiesLoad" finished-at="2024-02-14T04:09:53 IST" duration-ms="13" status="PASS">
          <reporter-output>
          </reporter-output>
        </test-method> <!-- propertiesLoad -->
        <test-method is-config="true" signature="setup()[pri:0, instance:test.ValidUrl@312aa7c]" started-at="2024-02-14T04:09:53 IST" name="setup" finished-at="2024-02-14T04:09:53 IST" duration-ms="1" status="PASS">
          <reporter-output>
          </reporter-output>
        </test-method> <!-- setup -->
        <test-method is-config="true" signature="launchBrowser(java.lang.String,java.lang.String)[pri:0, instance:test.ValidUrl@312aa7c]" started-at="2024-02-14T04:09:53 IST" name="launchBrowser" finished-at="2024-02-14T04:09:53 IST" duration-ms="1" status="PASS">
          <params>
            <param index="0">
              <value>
                <![CDATA[chrome]]>
              </value>
            </param>
            <param index="1">
              <value>
                <![CDATA[https://www.bestbuy.com/?intl=nosplash]]>
              </value>
            </param>
          </params>
          <reporter-output>
          </reporter-output>
        </test-method> <!-- launchBrowser -->
        <test-method signature="validUrlTest(java.lang.String,java.lang.String)[pri:0, instance:test.ValidUrl@312aa7c]" started-at="2024-02-14T04:09:53 IST" name="validUrlTest" finished-at="2024-02-14T04:10:07 IST" duration-ms="14104" status="FAIL">
          <params>
            <param index="0">
              <value>
                <![CDATA[chrome]]>
              </value>
            </param>
            <param index="1">
              <value>
                <![CDATA[https://www.bestbuy.com/?intl=nosplash]]>
              </value>
            </param>
          </params>
          <exception class="java.lang.AssertionError">
            <message>
              <![CDATA[expected [true] but found [false]]]>
            </message>
            <full-stacktrace>
              <![CDATA[java.lang.AssertionError: expected [true] but found [false]
at org.testng.Assert.fail(Assert.java:111)
at org.testng.Assert.failNotEquals(Assert.java:1578)
at org.testng.Assert.assertTrue(Assert.java:57)
at org.testng.Assert.assertTrue(Assert.java:67)
at test.ValidUrl.validUrlTest(ValidUrl.java:43)
at java.base/jdk.internal.reflect.NativeMethodAccessorImpl.invoke0(Native Method)
at java.base/jdk.internal.reflect.NativeMethodAccessorImpl.invoke(NativeMethodAccessorImpl.java:77)
at java.base/jdk.internal.reflect.DelegatingMethodAccessorImpl.invoke(DelegatingMethodAccessorImpl.java:43)
at java.base/java.lang.reflect.Method.invoke(Method.java:568)
at org.testng.internal.invokers.MethodInvocationHelper.invokeMethod(MethodInvocationHelper.java:139)
at org.testng.internal.invokers.TestInvoker.invokeMethod(TestInvoker.java:664)
at org.testng.internal.invokers.TestInvoker.invokeTestMethod(TestInvoker.java:227)
at org.testng.internal.invokers.MethodRunner.runInSequence(MethodRunner.java:50)
at org.testng.internal.invokers.TestInvoker$MethodInvocationAgent.invoke(TestInvoker.java:957)
at org.testng.internal.invokers.TestInvoker.invokeTestMethods(TestInvoker.java:200)
at org.testng.internal.invokers.TestMethodWorker.invokeTestMethods(TestMethodWorker.java:148)
at org.testng.internal.invokers.TestMethodWorker.run(TestMethodWorker.java:128)
at java.base/java.util.ArrayList.forEach(ArrayList.java:1511)
at org.testng.TestRunner.privateRun(TestRunner.java:848)
at org.testng.TestRunner.run(TestRunner.java:621)
at org.testng.SuiteRunner.runTest(SuiteRunner.java:443)
at org.testng.SuiteRunner$SuiteWorker.run(SuiteRunner.java:481)
at org.testng.internal.thread.ThreadUtil.lambda$execute$0(ThreadUtil.java:58)
at java.base/java.util.concurrent.FutureTask.run(FutureTask.java:264)
at java.base/java.util.concurrent.ThreadPoolExecutor.runWorker(ThreadPoolExecutor.java:1136)
at java.base/java.util.concurrent.ThreadPoolExecutor$Worker.run(ThreadPoolExecutor.java:635)
at java.base/java.lang.Thread.run(Thread.java:840)
]]>
            </full-stacktrace>
          </exception> <!-- java.lang.AssertionError -->
          <reporter-output>
          </reporter-output>
        </test-method> <!-- validUrlTest -->
        <test-method is-config="true" signature="tear(org.testng.ITestResult)[pri:0, instance:test.ValidUrl@312aa7c]" started-at="2024-02-14T04:10:07 IST" name="tear" finished-at="2024-02-14T04:10:08 IST" duration-ms="982" status="PASS">
          <params>
            <param index="0">
              <value>
                <![CDATA[[TestResult name=validUrlTest status=FAILURE method=ValidUrl.validUrlTest(java.lang.String,java.lang.String)[pri:0, instance:test.ValidUrl@312aa7c] output={null}]]]>
              </value>
            </param>
          </params>
          <reporter-output>
          </reporter-output>
        </test-method> <!-- tear -->
      </class> <!-- test.ValidUrl -->
    </test> <!-- validTest -->
    <test started-at="2024-02-14T04:09:53 IST" name="InvalidTest" finished-at="2024-02-14T04:10:15 IST" duration-ms="21765">
      <class name="test.ValidUrl">
        <test-method is-config="true" signature="propertiesLoad()[pri:0, instance:test.ValidUrl@c05fddc]" started-at="2024-02-14T04:09:53 IST" name="propertiesLoad" finished-at="2024-02-14T04:09:53 IST" duration-ms="13" status="PASS">
          <reporter-output>
          </reporter-output>
        </test-method> <!-- propertiesLoad -->
        <test-method is-config="true" signature="setup()[pri:0, instance:test.ValidUrl@c05fddc]" started-at="2024-02-14T04:09:53 IST" name="setup" finished-at="2024-02-14T04:09:53 IST" duration-ms="1" status="PASS">
          <reporter-output>
          </reporter-output>
        </test-method> <!-- setup -->
        <test-method is-config="true" signature="launchBrowser(java.lang.String,java.lang.String)[pri:0, instance:test.ValidUrl@c05fddc]" started-at="2024-02-14T04:09:53 IST" name="launchBrowser" finished-at="2024-02-14T04:09:53 IST" duration-ms="1" status="PASS">
          <params>
            <param index="0">
              <value>
                <![CDATA[chrome]]>
              </value>
            </param>
            <param index="1">
              <value>
                <![CDATA[https://www.google.com]]>
              </value>
            </param>
          </params>
          <reporter-output>
          </reporter-output>
        </test-method> <!-- launchBrowser -->
        <test-method signature="OtherDomainValidUrl(java.lang.String,java.lang.String)[pri:0, instance:test.ValidUrl@c05fddc]" started-at="2024-02-14T04:09:53 IST" name="OtherDomainValidUrl" finished-at="2024-02-14T04:10:02 IST" duration-ms="8373" status="PASS">
          <params>
            <param index="0">
              <value>
                <![CDATA[chrome]]>
              </value>
            </param>
            <param index="1">
              <value>
                <![CDATA[https://www.google.com]]>
              </value>
            </param>
          </params>
          <reporter-output>
          </reporter-output>
        </test-method> <!-- OtherDomainValidUrl -->
        <test-method is-config="true" signature="tear(org.testng.ITestResult)[pri:0, instance:test.ValidUrl@c05fddc]" started-at="2024-02-14T04:10:02 IST" name="tear" finished-at="2024-02-14T04:10:02 IST" duration-ms="189" status="PASS">
          <params>
            <param index="0">
              <value>
                <![CDATA[[TestResult name=OtherDomainValidUrl status=SUCCESS method=ValidUrl.OtherDomainValidUrl(java.lang.String,java.lang.String)[pri:0, instance:test.ValidUrl@c05fddc] output={null}]]]>
              </value>
            </param>
          </params>
          <reporter-output>
          </reporter-output>
        </test-method> <!-- tear -->
        <test-method is-config="true" signature="launchBrowser(java.lang.String,java.lang.String)[pri:0, instance:test.ValidUrl@c05fddc]" started-at="2024-02-14T04:10:03 IST" name="launchBrowser" finished-at="2024-02-14T04:10:03 IST" duration-ms="1" status="PASS">
          <params>
            <param index="0">
              <value>
                <![CDATA[chrome]]>
              </value>
            </param>
            <param index="1">
              <value>
                <![CDATA[https://www.google.com]]>
              </value>
            </param>
          </params>
          <reporter-output>
          </reporter-output>
        </test-method> <!-- launchBrowser -->
        <test-method signature="testInvalidUrl(java.lang.String,java.lang.String)[pri:0, instance:test.ValidUrl@c05fddc]" started-at="2024-02-14T04:10:03 IST" name="testInvalidUrl" data-provider="getData" finished-at="2024-02-14T04:10:10 IST" duration-ms="6347" status="PASS">
          <params>
            <param index="0">
              <value>
                <![CDATA[fttp://www.bestbuy.com/?intl=nosplash]]>
              </value>
            </param>
            <param index="1">
              <value>
                <![CDATA[unknown protocol: fttp]]>
              </value>
            </param>
          </params>
          <reporter-output>
          </reporter-output>
        </test-method> <!-- testInvalidUrl -->
        <test-method is-config="true" signature="tear(org.testng.ITestResult)[pri:0, instance:test.ValidUrl@c05fddc]" started-at="2024-02-14T04:10:10 IST" name="tear" finished-at="2024-02-14T04:10:10 IST" duration-ms="103" status="PASS">
          <params>
            <param index="0">
              <value>
                <![CDATA[[TestResult name=testInvalidUrl status=SUCCESS method=ValidUrl.testInvalidUrl(java.lang.String,java.lang.String)[pri:0, instance:test.ValidUrl@c05fddc] output={null}]]]>
              </value>
            </param>
          </params>
          <reporter-output>
          </reporter-output>
        </test-method> <!-- tear -->
        <test-method is-config="true" signature="launchBrowser(java.lang.String,java.lang.String)[pri:0, instance:test.ValidUrl@c05fddc]" started-at="2024-02-14T04:10:10 IST" name="launchBrowser" finished-at="2024-02-14T04:10:10 IST" duration-ms="1" status="PASS">
          <params>
            <param index="0">
              <value>
                <![CDATA[chrome]]>
              </value>
            </param>
            <param index="1">
              <value>
                <![CDATA[https://www.google.com]]>
              </value>
            </param>
          </params>
          <reporter-output>
          </reporter-output>
        </test-method> <!-- launchBrowser -->
        <test-method signature="testInvalidUrl(java.lang.String,java.lang.String)[pri:0, instance:test.ValidUrl@c05fddc]" started-at="2024-02-14T04:10:10 IST" name="testInvalidUrl" data-provider="getData" finished-at="2024-02-14T04:10:15 IST" duration-ms="4865" status="PASS">
          <params>
            <param index="0">
              <value>
                <![CDATA[www.bestbuy.com]]>
              </value>
            </param>
            <param index="1">
              <value>
                <![CDATA[no protocol: www.bestbuy.com]]>
              </value>
            </param>
          </params>
          <reporter-output>
          </reporter-output>
        </test-method> <!-- testInvalidUrl -->
        <test-method is-config="true" signature="tear(org.testng.ITestResult)[pri:0, instance:test.ValidUrl@c05fddc]" started-at="2024-02-14T04:10:15 IST" name="tear" finished-at="2024-02-14T04:10:15 IST" duration-ms="123" status="PASS">
          <params>
            <param index="0">
              <value>
                <![CDATA[[TestResult name=testInvalidUrl status=SUCCESS method=ValidUrl.testInvalidUrl(java.lang.String,java.lang.String)[pri:0, instance:test.ValidUrl@c05fddc] output={null}]]]>
              </value>
            </param>
          </params>
          <reporter-output>
          </reporter-output>
        </test-method> <!-- tear -->
      </class> <!-- test.ValidUrl -->
    </test> <!-- InvalidTest -->
  </suite> <!-- Suite -->
</testng-results>
